[2024-09-10T16:02:34.244+0000] {local_task_job_runner.py:123} INFO - ::group::Pre task execution logs
[2024-09-10T16:02:34.259+0000] {taskinstance.py:2612} INFO - Dependencies all met for dep_context=non-requeueable deps ti=<TaskInstance: conditional_dataset_and_time_based_timetable.conditional_dataset_and_time_based_timetable scheduled__2024-09-04T01:00:00+00:00 [queued]>
[2024-09-10T16:02:34.265+0000] {taskinstance.py:2612} INFO - Dependencies all met for dep_context=requeueable deps ti=<TaskInstance: conditional_dataset_and_time_based_timetable.conditional_dataset_and_time_based_timetable scheduled__2024-09-04T01:00:00+00:00 [queued]>
[2024-09-10T16:02:34.267+0000] {taskinstance.py:2865} INFO - Starting attempt 1 of 1
[2024-09-10T16:02:34.277+0000] {taskinstance.py:2888} INFO - Executing <Task(BashOperator): conditional_dataset_and_time_based_timetable> on 2024-09-04 01:00:00+00:00
[2024-09-10T16:02:34.285+0000] {warnings.py:112} WARNING - /home/***/.local/lib/python3.12/site-packages/***/task/task_runner/standard_task_runner.py:70: DeprecationWarning: This process (pid=661) is multi-threaded, use of fork() may lead to deadlocks in the child.
  pid = os.fork()

[2024-09-10T16:02:34.286+0000] {standard_task_runner.py:104} INFO - Running: ['***', 'tasks', 'run', 'conditional_dataset_and_time_based_timetable', 'conditional_dataset_and_time_based_timetable', 'scheduled__2024-09-04T01:00:00+00:00', '--job-id', '5', '--raw', '--subdir', '/home/***/.local/lib/python3.12/site-packages/***/example_dags/example_datasets.py', '--cfg-path', '/tmp/tmp2nsrlsjb']
[2024-09-10T16:02:34.287+0000] {standard_task_runner.py:72} INFO - Started process 663 to run task
[2024-09-10T16:02:34.287+0000] {standard_task_runner.py:105} INFO - Job 5: Subtask conditional_dataset_and_time_based_timetable
[2024-09-10T16:02:34.330+0000] {task_command.py:467} INFO - Running <TaskInstance: conditional_dataset_and_time_based_timetable.conditional_dataset_and_time_based_timetable scheduled__2024-09-04T01:00:00+00:00 [running]> on host 4b47cc2d5b0b
[2024-09-10T16:02:34.410+0000] {taskinstance.py:3131} INFO - Exporting env vars: AIRFLOW_CTX_DAG_OWNER='***' AIRFLOW_CTX_DAG_ID='conditional_dataset_and_time_based_timetable' AIRFLOW_CTX_TASK_ID='conditional_dataset_and_time_based_timetable' AIRFLOW_CTX_EXECUTION_DATE='2024-09-04T01:00:00+00:00' AIRFLOW_CTX_TRY_NUMBER='1' AIRFLOW_CTX_DAG_RUN_ID='scheduled__2024-09-04T01:00:00+00:00'
[2024-09-10T16:02:34.412+0000] {logging_mixin.py:190} INFO - Task instance is in running state
[2024-09-10T16:02:34.412+0000] {logging_mixin.py:190} INFO -  Previous state of the Task instance: queued
[2024-09-10T16:02:34.412+0000] {logging_mixin.py:190} INFO - Current task name:conditional_dataset_and_time_based_timetable state:running start_date:2024-09-10 16:02:34.259768+00:00
[2024-09-10T16:02:34.413+0000] {logging_mixin.py:190} INFO - Dag name:conditional_dataset_and_time_based_timetable and current dag run status:running
[2024-09-10T16:02:34.413+0000] {taskinstance.py:731} INFO - ::endgroup::
[2024-09-10T16:02:34.414+0000] {subprocess.py:63} INFO - Tmp dir root location: /tmp
[2024-09-10T16:02:34.415+0000] {subprocess.py:75} INFO - Running command: ['/usr/bin/bash', '-c', 'sleep 5']
[2024-09-10T16:02:34.429+0000] {subprocess.py:86} INFO - Output:
[2024-09-10T16:02:39.434+0000] {subprocess.py:97} INFO - Command exited with return code 0
[2024-09-10T16:02:39.495+0000] {taskinstance.py:340} INFO - ::group::Post task execution logs
[2024-09-10T16:02:39.496+0000] {taskinstance.py:352} INFO - Marking task as SUCCESS. dag_id=conditional_dataset_and_time_based_timetable, task_id=conditional_dataset_and_time_based_timetable, run_id=scheduled__2024-09-04T01:00:00+00:00, execution_date=20240904T010000, start_date=20240910T160234, end_date=20240910T160239
[2024-09-10T16:02:39.535+0000] {logging_mixin.py:190} INFO - Task instance in success state
[2024-09-10T16:02:39.536+0000] {logging_mixin.py:190} INFO -  Previous state of the Task instance: running
[2024-09-10T16:02:39.536+0000] {logging_mixin.py:190} INFO - Dag name:conditional_dataset_and_time_based_timetable queued_at:2024-09-10 16:02:31.435665+00:00
[2024-09-10T16:02:39.537+0000] {logging_mixin.py:190} INFO - Task hostname:4b47cc2d5b0b operator:BashOperator
[2024-09-10T16:02:39.587+0000] {local_task_job_runner.py:266} INFO - Task exited with return code 0
[2024-09-10T16:02:39.609+0000] {taskinstance.py:3900} INFO - 0 downstream tasks scheduled from follow-on schedule check
[2024-09-10T16:02:39.613+0000] {local_task_job_runner.py:245} INFO - ::endgroup::
