[2024-09-13T14:21:58.736+0000] {local_task_job_runner.py:123} INFO - ::group::Pre task execution logs
[2024-09-13T14:21:58.755+0000] {taskinstance.py:2612} INFO - Dependencies all met for dep_context=non-requeueable deps ti=<TaskInstance: welcome_dag.criterion_optimizer manual__2024-09-13T14:15:35.568743+00:00 [queued]>
[2024-09-13T14:21:58.764+0000] {taskinstance.py:2612} INFO - Dependencies all met for dep_context=requeueable deps ti=<TaskInstance: welcome_dag.criterion_optimizer manual__2024-09-13T14:15:35.568743+00:00 [queued]>
[2024-09-13T14:21:58.774+0000] {taskinstance.py:2865} INFO - Starting attempt 1 of 1
[2024-09-13T14:21:58.788+0000] {taskinstance.py:2888} INFO - Executing <Task(PythonOperator): criterion_optimizer> on 2024-09-13 14:15:35.568743+00:00
[2024-09-13T14:21:58.802+0000] {warnings.py:112} WARNING - /home/***/.local/lib/python3.12/site-packages/***/task/task_runner/standard_task_runner.py:70: DeprecationWarning: This process (pid=456) is multi-threaded, use of fork() may lead to deadlocks in the child.
  pid = os.fork()

[2024-09-13T14:21:58.804+0000] {standard_task_runner.py:72} INFO - Started process 458 to run task
[2024-09-13T14:21:58.805+0000] {standard_task_runner.py:104} INFO - Running: ['***', 'tasks', 'run', 'welcome_dag', 'criterion_optimizer', 'manual__2024-09-13T14:15:35.568743+00:00', '--job-id', '91', '--raw', '--subdir', 'DAGS_FOLDER/welcome.py', '--cfg-path', '/tmp/tmpy9kyl2qi']
[2024-09-13T14:21:58.806+0000] {standard_task_runner.py:105} INFO - Job 91: Subtask criterion_optimizer
[2024-09-13T14:21:58.858+0000] {task_command.py:467} INFO - Running <TaskInstance: welcome_dag.criterion_optimizer manual__2024-09-13T14:15:35.568743+00:00 [running]> on host 3f4d3d57e0af
[2024-09-13T14:21:58.958+0000] {taskinstance.py:3131} INFO - Exporting env vars: AIRFLOW_CTX_DAG_OWNER='***' AIRFLOW_CTX_DAG_ID='welcome_dag' AIRFLOW_CTX_TASK_ID='criterion_optimizer' AIRFLOW_CTX_EXECUTION_DATE='2024-09-13T14:15:35.568743+00:00' AIRFLOW_CTX_TRY_NUMBER='1' AIRFLOW_CTX_DAG_RUN_ID='manual__2024-09-13T14:15:35.568743+00:00'
[2024-09-13T14:21:58.959+0000] {logging_mixin.py:190} INFO - Task instance is in running state
[2024-09-13T14:21:58.959+0000] {logging_mixin.py:190} INFO -  Previous state of the Task instance: queued
[2024-09-13T14:21:58.960+0000] {logging_mixin.py:190} INFO - Current task name:criterion_optimizer state:running start_date:2024-09-13 14:21:58.755820+00:00
[2024-09-13T14:21:58.960+0000] {logging_mixin.py:190} INFO - Dag name:welcome_dag and current dag run status:running
[2024-09-13T14:21:58.961+0000] {taskinstance.py:731} INFO - ::endgroup::
[2024-09-13T14:21:58.973+0000] {warnings.py:112} WARNING - /home/***/.local/lib/python3.12/site-packages/torchvision/models/_utils.py:208: UserWarning: The parameter 'pretrained' is deprecated since 0.13 and may be removed in the future, please use 'weights' instead.
  warnings.warn(

[2024-09-13T14:21:58.974+0000] {warnings.py:112} WARNING - /home/***/.local/lib/python3.12/site-packages/torchvision/models/_utils.py:223: UserWarning: Arguments other than a weight enum or `None` for 'weights' are deprecated since 0.13 and may be removed in the future. The current behavior is equivalent to passing `weights=None`.
  warnings.warn(msg)

[2024-09-13T14:21:59.443+0000] {warnings.py:112} WARNING - /opt/***/dags/welcome.py:87: FutureWarning: You are using `torch.load` with `weights_only=False` (the current default value), which uses the default pickle module implicitly. It is possible to construct malicious pickle data which will execute arbitrary code during unpickling (See https://github.com/pytorch/pytorch/blob/main/SECURITY.md#untrusted-models for more details). In a future release, the default value for `weights_only` will be flipped to `True`. This limits the functions that could be executed during unpickling. Arbitrary objects will no longer be allowed to be loaded via this mode unless they are explicitly allowlisted by the user via `torch.serialization.add_safe_globals`. We recommend you start setting `weights_only=True` for any use case where you don't have full control of the loaded file. Please open an issue on GitHub for any issues related to this experimental feature.
  net.load_state_dict(torch.load(model_path))

[2024-09-13T14:21:59.538+0000] {python.py:240} INFO - Done. Returned value was: {'model_path': '/tmp/model.pth', 'optimizer_path': '/tmp/optimizer.pth'}
[2024-09-13T14:21:59.568+0000] {taskinstance.py:340} INFO - ::group::Post task execution logs
[2024-09-13T14:21:59.568+0000] {taskinstance.py:352} INFO - Marking task as SUCCESS. dag_id=welcome_dag, task_id=criterion_optimizer, run_id=manual__2024-09-13T14:15:35.568743+00:00, execution_date=20240913T141535, start_date=20240913T142158, end_date=20240913T142159
[2024-09-13T14:21:59.578+0000] {logging_mixin.py:190} INFO - Task instance in success state
[2024-09-13T14:21:59.578+0000] {logging_mixin.py:190} INFO -  Previous state of the Task instance: running
[2024-09-13T14:21:59.579+0000] {logging_mixin.py:190} INFO - Dag name:welcome_dag queued_at:2024-09-13 14:15:35.582880+00:00
[2024-09-13T14:21:59.579+0000] {logging_mixin.py:190} INFO - Task hostname:3f4d3d57e0af operator:PythonOperator
[2024-09-13T14:21:59.621+0000] {local_task_job_runner.py:266} INFO - Task exited with return code 0
[2024-09-13T14:21:59.631+0000] {local_task_job_runner.py:245} INFO - ::endgroup::
